Vertex: Excitatory_Cells:0:254
    Partition: SPIKE, Routing Info: [KeyAndMask:0x0:0xffffff00]
Vertex: Excitatory_Cells:255:509
    Partition: SPIKE, Routing Info: [KeyAndMask:0x100:0xffffff00]
Vertex: Excitatory_Cells:510:764
    Partition: SPIKE, Routing Info: [KeyAndMask:0x200:0xffffff00]
Vertex: Excitatory_Cells:765:1019
    Partition: SPIKE, Routing Info: [KeyAndMask:0x300:0xffffff00]
Vertex: Excitatory_Cells:1020:1274
    Partition: SPIKE, Routing Info: [KeyAndMask:0x400:0xffffff00]
Vertex: Excitatory_Cells:1275:1529
    Partition: SPIKE, Routing Info: [KeyAndMask:0x500:0xffffff00]
Vertex: Excitatory_Cells:1530:1784
    Partition: SPIKE, Routing Info: [KeyAndMask:0x600:0xffffff00]
Vertex: Excitatory_Cells:1785:2039
    Partition: SPIKE, Routing Info: [KeyAndMask:0x700:0xffffff00]
Vertex: Excitatory_Cells:2040:2294
    Partition: SPIKE, Routing Info: [KeyAndMask:0x800:0xffffff00]
Vertex: Excitatory_Cells:2295:2549
    Partition: SPIKE, Routing Info: [KeyAndMask:0x900:0xffffff00]
Vertex: Excitatory_Cells:2550:2804
    Partition: SPIKE, Routing Info: [KeyAndMask:0xa00:0xffffff00]
Vertex: Excitatory_Cells:2805:3059
    Partition: SPIKE, Routing Info: [KeyAndMask:0xb00:0xffffff00]
Vertex: Excitatory_Cells:3060:3314
    Partition: SPIKE, Routing Info: [KeyAndMask:0xc00:0xffffff00]
Vertex: Excitatory_Cells:3315:3569
    Partition: SPIKE, Routing Info: [KeyAndMask:0xd00:0xffffff00]
Vertex: Excitatory_Cells:3570:3599
    Partition: SPIKE, Routing Info: [KeyAndMask:0xe00:0xffffffe0]
Vertex: Inhibitory_Cells:0:254
    Partition: SPIKE, Routing Info: [KeyAndMask:0xf00:0xffffff00]
Vertex: Inhibitory_Cells:255:509
    Partition: SPIKE, Routing Info: [KeyAndMask:0x1000:0xffffff00]
Vertex: Inhibitory_Cells:510:764
    Partition: SPIKE, Routing Info: [KeyAndMask:0x1100:0xffffff00]
Vertex: Inhibitory_Cells:765:899
    Partition: SPIKE, Routing Info: [KeyAndMask:0x1200:0xffffff00]
Vertex: expoisson:0:19
    Partition: SPIKE, Routing Info: [KeyAndMask:0xe20:0xffffffe0]
Vertex: SYSTEM:ExtraMonitor
Vertex: SYSTEM:ExtraMonitor1
Vertex: SYSTEM:ExtraMonitor2
Vertex: SYSTEM:ExtraMonitor3
Vertex: SYSTEM:ExtraMonitor4
Vertex: SYSTEM:ExtraMonitor5
Vertex: SYSTEM:ExtraMonitor6
Vertex: SYSTEM:ExtraMonitor7
Vertex: SYSTEM:ExtraMonitor8
Vertex: SYSTEM:ExtraMonitor9
Vertex: SYSTEM:ExtraMonitor10
Vertex: SYSTEM:ExtraMonitor11
Vertex: SYSTEM:ExtraMonitor12
Vertex: SYSTEM:ExtraMonitor13
Vertex: SYSTEM:ExtraMonitor14
Vertex: SYSTEM:ExtraMonitor15
Vertex: SYSTEM:ExtraMonitor16
Vertex: SYSTEM:ExtraMonitor17
Vertex: SYSTEM:ExtraMonitor18
Vertex: SYSTEM:ExtraMonitor19
Vertex: SYSTEM:ExtraMonitor20
Vertex: SYSTEM:ExtraMonitor21
Vertex: SYSTEM:ExtraMonitor22
Vertex: SYSTEM:ExtraMonitor23
Vertex: SYSTEM:ExtraMonitor24
Vertex: SYSTEM:ExtraMonitor25
Vertex: SYSTEM:ExtraMonitor26
Vertex: SYSTEM:ExtraMonitor27
Vertex: SYSTEM:ExtraMonitor28
Vertex: SYSTEM:ExtraMonitor29
Vertex: SYSTEM:ExtraMonitor30
Vertex: SYSTEM:ExtraMonitor31
Vertex: SYSTEM:ExtraMonitor32
Vertex: SYSTEM:ExtraMonitor33
Vertex: SYSTEM:ExtraMonitor34
Vertex: SYSTEM:ExtraMonitor35
Vertex: SYSTEM:ExtraMonitor36
Vertex: SYSTEM:ExtraMonitor37
Vertex: SYSTEM:ExtraMonitor38
Vertex: SYSTEM:ExtraMonitor39
Vertex: SYSTEM:ExtraMonitor40
Vertex: SYSTEM:ExtraMonitor41
Vertex: SYSTEM:ExtraMonitor42
Vertex: SYSTEM:ExtraMonitor43
Vertex: SYSTEM:ExtraMonitor44
Vertex: SYSTEM:ExtraMonitor45
Vertex: SYSTEM:ExtraMonitor46
Vertex: SYSTEM:PacketGatherer(0,0)
