Router contains 20 entries
Index Key        Mask       Route      Default [Cores][Links]
----- ---------- ---------- ---------- ------- --------------
    0 0x00000000 0xFFFFFF00 0x00000F00 False   [2, 3, 4, 5] []
    1 0x00000100 0xFFFFFF00 0x00000F00 False   [2, 3, 4, 5] []
    2 0x00000200 0xFFFFFF00 0x00000F00 False   [2, 3, 4, 5] []
    3 0x00000300 0xFFFFFF00 0x00000F00 False   [2, 3, 4, 5] []
    4 0x00000400 0xFFFFFF00 0x00000F00 False   [2, 3, 4, 5] []
    5 0x00000500 0xFFFFFF00 0x00000F00 False   [2, 3, 4, 5] []
    6 0x00000600 0xFFFFFF00 0x00000F00 False   [2, 3, 4, 5] []
    7 0x00000700 0xFFFFFF00 0x00000F00 False   [2, 3, 4, 5] []
    8 0x00000800 0xFFFFFF00 0x00000F00 False   [2, 3, 4, 5] []
    9 0x00000900 0xFFFFFF00 0x00000F00 False   [2, 3, 4, 5] []
   10 0x00000A00 0xFFFFFF00 0x00000F00 False   [2, 3, 4, 5] []
   11 0x00000B00 0xFFFFFF00 0x00000F00 False   [2, 3, 4, 5] []
   12 0x00000C00 0xFFFFFF00 0x00000F00 False   [2, 3, 4, 5] []
   13 0x00000D00 0xFFFFFF00 0x00000F00 False   [2, 3, 4, 5] []
   14 0x00000E00 0xFFFFFFE0 0x00000F00 False   [2, 3, 4, 5] []
   15 0x00000F00 0xFFFFFF00 0x00000F08 False   [2, 3, 4, 5] [W]
   16 0x00001000 0xFFFFFF00 0x00000F08 False   [2, 3, 4, 5] [W]
   17 0x00001100 0xFFFFFF00 0x00000F08 False   [2, 3, 4, 5] [W]
   18 0x00001200 0xFFFFFF00 0x00000F08 False   [2, 3, 4, 5] [W]
   19 0x00000E20 0xFFFFFFE0 0x00000F08 False   [2, 3, 4, 5] [W]
0 Defaultable entries
